Arguments: 
  C:\Program Files\nodejs\node.exe C:\Users\Khoi\AppData\Roaming\npm\node_modules\yarn\bin\yarn.js add --dev @types/mongoose-slug-generator

PATH: 
  C:\Program Files (x86)\Common Files\Oracle\Java\javapath;C:\Program Files (x86)\Common Files\Intel\Shared Libraries\redist\intel64\compiler;C:\Windows\system32;C:\Windows;C:\Windows\System32\Wbem;C:\Windows\System32\WindowsPowerShell\v1.0\;C:\Windows\System32\OpenSSH\;C:\Program Files (x86)\NVIDIA Corporation\PhysX\Common;C:\Program Files\NVIDIA Corporation\NVIDIA NvDLISR;C:\WINDOWS\system32;C:\WINDOWS;C:\WINDOWS\System32\Wbem;C:\WINDOWS\System32\WindowsPowerShell\v1.0\;C:\WINDOWS\System32\OpenSSH\;C:\Program Files\dotnet\;C:\Program Files (x86)\Microsoft SQL Server\150\DTS\Binn\;C:\Program Files\Azure Data Studio\bin;C:\Program Files\Microsoft SQL Server\Client SDK\ODBC\170\Tools\Binn\;C:\Program Files (x86)\Microsoft SQL Server\150\Tools\Binn\;C:\Program Files\Microsoft SQL Server\150\Tools\Binn\;C:\Program Files\Microsoft SQL Server\150\DTS\Binn\;C:\WINDOWS\system32;C:\WINDOWS;C:\WINDOWS\System32\Wbem;C:\WINDOWS\System32\WindowsPowerShell\v1.0\;C:\WINDOWS\System32\OpenSSH\;C:\Program Files\Git\cmd;C:\Program Files\Microsoft SQL Server\130\Tools\Binn\;C:\Program Files\nodejs\;C:\Users\Khoi\AppData\Local\Microsoft\WindowsApps;C:\Users\Khoi\.dotnet\tools;C:\Program Files\Azure Data Studio\bin;C:\Users\Khoi\AppData\Local\Programs\Microsoft VS Code\bin;C:\Users\Khoi\AppData\Local\GitHubDesktop\bin;C:\Users\Khoi\AppData\Roaming\npm

Yarn version: 
  1.22.19

Node version: 
  18.12.1

Platform: 
  win32 x64

Trace: 
  Error: https://registry.yarnpkg.com/@types%2fmongoose-slug-generator: Not found
      at params.callback [as _callback] (C:\Users\Khoi\AppData\Roaming\npm\node_modules\yarn\lib\cli.js:66145:18)
      at self.callback (C:\Users\Khoi\AppData\Roaming\npm\node_modules\yarn\lib\cli.js:140890:22)
      at Request.emit (node:events:513:28)
      at Request.<anonymous> (C:\Users\Khoi\AppData\Roaming\npm\node_modules\yarn\lib\cli.js:141862:10)
      at Request.emit (node:events:513:28)
      at IncomingMessage.<anonymous> (C:\Users\Khoi\AppData\Roaming\npm\node_modules\yarn\lib\cli.js:141784:12)
      at Object.onceWrapper (node:events:627:28)
      at IncomingMessage.emit (node:events:525:35)
      at endReadableNT (node:internal/streams/readable:1359:12)
      at process.processTicksAndRejections (node:internal/process/task_queues:82:21)

npm manifest: 
  {
    "name": "blog",
    "version": "1.0.0",
    "description": "",
    "main": "src/index.js",
    "scripts": {
      "beautiful": "prettier --single-quote --trailing-comma all --tab-width 4 --write src/**/*.{js,json,scss}",
      "start": "nodemon --inspect src/index.js",
      "watch": "sass src/resource/scss/app.scss src/public/css/app.css --watch",
      "test": "echo \"Error: no test specified\" && exit 1"
    },
    "repository": {
      "type": "git",
      "url": "git+https://github.com/DinhKhoi22/nodejs_blog.git"
    },
    "keywords": [
      "f8",
      "blog",
      "f8",
      "nodejs",
      "nodejs"
    ],
    "author": "",
    "license": "ISC",
    "bugs": {
      "url": "https://github.com/DinhKhoi22/nodejs_blog/issues"
    },
    "homepage": "https://github.com/DinhKhoi22/nodejs_blog#readme",
    "dependencies": {
      "express": "^4.18.2",
      "express-handlebars": "^6.0.7",
      "method-override": "^3.0.0",
      "mongoose": "^7.0.0",
      "mongoose-delete": "^0.5.4",
      "mongoose-slug-generator": "^1.0.4"
    },
    "devDependencies": {
      "husky": "^4.3.8",
      "lint-staged": "^13.1.2",
      "morgan": "^1.10.0",
      "nodemon": "^2.0.20",
      "prettier": "^2.8.4",
      "sass": "^1.58.3"
    }
  }

yarn manifest: 
  No manifest

Lockfile: 
  No lockfile
